Change component parameters: Designator = "D1"; Footprint = "D-LED0603G"; UniqueID = "\YGHWAQNT"
Change component parameters. Clean all parameters for all variants
Change component parameters (AddParameter): Name = "供应商"; Value = ""; VariantName = "[No Variations]"
Change component parameters (AddParameter): Name = "备注"; Value = ""; VariantName = "[No Variations]"
Change component parameters (AddParameter): Name = "生产商"; Value = ""; VariantName = "[No Variations]"
Change component parameters (AddParameter): Name = "规格型号"; Value = "0603-GREEN"; VariantName = "[No Variations]"
Change component parameters (AddParameter): Name = "货品编码"; Value = "无样品无编码"; VariantName = "[No Variations]"
Change component parameters: Designator = "D2"; Footprint = "D-LED0603G"; UniqueID = "\KTGWPNWW"
Change component parameters. Clean all parameters for all variants
Change component parameters (AddParameter): Name = "供应商"; Value = ""; VariantName = "[No Variations]"
Change component parameters (AddParameter): Name = "备注"; Value = ""; VariantName = "[No Variations]"
Change component parameters (AddParameter): Name = "生产商"; Value = ""; VariantName = "[No Variations]"
Change component parameters (AddParameter): Name = "规格型号"; Value = "0603-GREEN"; VariantName = "[No Variations]"
Change component parameters (AddParameter): Name = "货品编码"; Value = "无样品无编码"; VariantName = "[No Variations]"
Change component parameters: Designator = "D5"; Footprint = "D-LED0603G"; UniqueID = "\YMLCNWCR"
Change component parameters. Clean all parameters for all variants
Change component parameters (AddParameter): Name = "供应商"; Value = ""; VariantName = "[No Variations]"
Change component parameters (AddParameter): Name = "备注"; Value = ""; VariantName = "[No Variations]"
Change component parameters (AddParameter): Name = "生产商"; Value = ""; VariantName = "[No Variations]"
Change component parameters (AddParameter): Name = "规格型号"; Value = "0603-GREEN"; VariantName = "[No Variations]"
Change component parameters (AddParameter): Name = "货品编码"; Value = "无样品无编码"; VariantName = "[No Variations]"
Change component parameters: Designator = "C1"; Footprint = "C0603"; UniqueID = "\WDOKJGJF"
Change component parameters. Clean all parameters for all variants
Change component parameters (AddParameter): Name = ""; Value = "无编码有封装"; VariantName = "[No Variations]"
Change component parameters (AddParameter): Name = "供应商"; Value = ""; VariantName = "[No Variations]"
Change component parameters (AddParameter): Name = "备注"; Value = ""; VariantName = "[No Variations]"
Change component parameters (AddParameter): Name = "生产商"; Value = "风华 三星"; VariantName = "[No Variations]"
Change component parameters (AddParameter): Name = "规格型号"; Value = "4.7uF±10%_16V_X7R_C0603"; VariantName = "[No Variations]"
Change component parameters: Designator = "C2"; Footprint = "C0603"; UniqueID = "\FXDHLBFN"
Change component parameters. Clean all parameters for all variants
Change component parameters (AddParameter): Name = ""; Value = "无编码 有封装"; VariantName = "[No Variations]"
Change component parameters (AddParameter): Name = "供应商"; Value = ""; VariantName = "[No Variations]"
Change component parameters (AddParameter): Name = "备注"; Value = ""; VariantName = "[No Variations]"
Change component parameters (AddParameter): Name = "生产商"; Value = "风华 三星"; VariantName = "[No Variations]"
Change component parameters (AddParameter): Name = "规格型号"; Value = "10uF±10%_50V_X7R_C0603"; VariantName = "[No Variations]"
Change component parameters: Designator = "C3"; Footprint = "C0603"; UniqueID = "\SLHTQWIH"
Change component parameters. Clean all parameters for all variants
Change component parameters (AddParameter): Name = ""; Value = "无编码 有封装"; VariantName = "[No Variations]"
Change component parameters (AddParameter): Name = "供应商"; Value = ""; VariantName = "[No Variations]"
Change component parameters (AddParameter): Name = "备注"; Value = ""; VariantName = "[No Variations]"
Change component parameters (AddParameter): Name = "生产商"; Value = "风华 三星"; VariantName = "[No Variations]"
Change component parameters (AddParameter): Name = "规格型号"; Value = "100nF±10%_50V_X7R_C0603"; VariantName = "[No Variations]"
Change component parameters: Designator = "C4"; Footprint = "C0603"; UniqueID = "\AMSQHYBE"
Change component parameters. Clean all parameters for all variants
Change component parameters (AddParameter): Name = ""; Value = "无编码 有封装"; VariantName = "[No Variations]"
Change component parameters (AddParameter): Name = "供应商"; Value = ""; VariantName = "[No Variations]"
Change component parameters (AddParameter): Name = "备注"; Value = ""; VariantName = "[No Variations]"
Change component parameters (AddParameter): Name = "生产商"; Value = "风华 三星"; VariantName = "[No Variations]"
Change component parameters (AddParameter): Name = "规格型号"; Value = "10uF±10%_50V_X7R_C0603"; VariantName = "[No Variations]"
Change component parameters: Designator = "C5"; Footprint = "C0603"; UniqueID = "\KBDTGKJY"
Change component parameters. Clean all parameters for all variants
Change component parameters (AddParameter): Name = ""; Value = "无编码 有封装"; VariantName = "[No Variations]"
Change component parameters (AddParameter): Name = "供应商"; Value = ""; VariantName = "[No Variations]"
Change component parameters (AddParameter): Name = "备注"; Value = ""; VariantName = "[No Variations]"
Change component parameters (AddParameter): Name = "生产商"; Value = "风华 三星"; VariantName = "[No Variations]"
Change component parameters (AddParameter): Name = "规格型号"; Value = "100nF±10%_50V_X7R_C0603"; VariantName = "[No Variations]"
Change component parameters: Designator = "C6"; Footprint = "C0603"; UniqueID = "\WOUAVTTN"
Change component parameters. Clean all parameters for all variants
Change component parameters (AddParameter): Name = ""; Value = "无编码 有封装"; VariantName = "[No Variations]"
Change component parameters (AddParameter): Name = "供应商"; Value = ""; VariantName = "[No Variations]"
Change component parameters (AddParameter): Name = "备注"; Value = ""; VariantName = "[No Variations]"
Change component parameters (AddParameter): Name = "生产商"; Value = "风华 三星"; VariantName = "[No Variations]"
Change component parameters (AddParameter): Name = "规格型号"; Value = "10uF±10%_50V_X7R_C0603"; VariantName = "[No Variations]"
Change component parameters: Designator = "C7"; Footprint = "C0603"; UniqueID = "\COIWJDRR"
Change component parameters. Clean all parameters for all variants
Change component parameters (AddParameter): Name = ""; Value = "无编码 有封装"; VariantName = "[No Variations]"
Change component parameters (AddParameter): Name = "供应商"; Value = ""; VariantName = "[No Variations]"
Change component parameters (AddParameter): Name = "备注"; Value = ""; VariantName = "[No Variations]"
Change component parameters (AddParameter): Name = "生产商"; Value = "风华 三星"; VariantName = "[No Variations]"
Change component parameters (AddParameter): Name = "规格型号"; Value = "100nF±10%_50V_X7R_C0603"; VariantName = "[No Variations]"
Change component parameters: Designator = "R1"; Footprint = "R0603"; UniqueID = "\ECJGAHBJ"
Change component parameters. Clean all parameters for all variants
Change component parameters (AddParameter): Name = "供应商"; Value = ""; VariantName = "[No Variations]"
Change component parameters (AddParameter): Name = "备注"; Value = ""; VariantName = "[No Variations]"
Change component parameters (AddParameter): Name = "生产商"; Value = "厚声 国巨"; VariantName = "[No Variations]"
Change component parameters (AddParameter): Name = "规格型号"; Value = "1K±1%_1/10W_±200ppm_R0603"; VariantName = "[No Variations]"
Change component parameters (AddParameter): Name = "货品编码"; Value = "无样品无编码"; VariantName = "[No Variations]"
Change component parameters: Designator = "R2"; Footprint = "R0603"; UniqueID = "\RIJIFKVI"
Change component parameters. Clean all parameters for all variants
Change component parameters (AddParameter): Name = "供应商"; Value = ""; VariantName = "[No Variations]"
Change component parameters (AddParameter): Name = "备注"; Value = ""; VariantName = "[No Variations]"
Change component parameters (AddParameter): Name = "生产商"; Value = "厚声 国巨"; VariantName = "[No Variations]"
Change component parameters (AddParameter): Name = "规格型号"; Value = "1K±1%_1/10W_±200ppm_R0603"; VariantName = "[No Variations]"
Change component parameters (AddParameter): Name = "货品编码"; Value = "无样品无编码"; VariantName = "[No Variations]"
Change component parameters: Designator = "R3"; Footprint = "R0603"; UniqueID = "\BUFBAQBH"
Change component parameters. Clean all parameters for all variants
Change component parameters (AddParameter): Name = "供应商"; Value = ""; VariantName = "[No Variations]"
Change component parameters (AddParameter): Name = "备注"; Value = ""; VariantName = "[No Variations]"
Change component parameters (AddParameter): Name = "生产商"; Value = "厚声 国巨"; VariantName = "[No Variations]"
Change component parameters (AddParameter): Name = "规格型号"; Value = "1K±1%_1/10W_±200ppm_R0603"; VariantName = "[No Variations]"
Change component parameters (AddParameter): Name = "货品编码"; Value = "无样品无编码"; VariantName = "[No Variations]"
Change component parameters: Designator = "R4"; Footprint = "R0603"; UniqueID = "\GLLRIHFX"
Change component parameters. Clean all parameters for all variants
Change component parameters (AddParameter): Name = "供应商"; Value = ""; VariantName = "[No Variations]"
Change component parameters (AddParameter): Name = "备注"; Value = ""; VariantName = "[No Variations]"
Change component parameters (AddParameter): Name = "生产商"; Value = "厚声 国巨"; VariantName = "[No Variations]"
Change component parameters (AddParameter): Name = "规格型号"; Value = "1K±1%_1/10W_±200ppm_R0603"; VariantName = "[No Variations]"
Change component parameters (AddParameter): Name = "货品编码"; Value = "无样品无编码"; VariantName = "[No Variations]"
Change component parameters: Designator = "R5"; Footprint = "R0603"; UniqueID = "\ADLNVUUJ"
Change component parameters. Clean all parameters for all variants
Change component parameters (AddParameter): Name = "供应商"; Value = ""; VariantName = "[No Variations]"
Change component parameters (AddParameter): Name = "备注"; Value = ""; VariantName = "[No Variations]"
Change component parameters (AddParameter): Name = "生产商"; Value = "厚声 国巨"; VariantName = "[No Variations]"
Change component parameters (AddParameter): Name = "规格型号"; Value = "1K±1%_1/10W_±200ppm_R0603"; VariantName = "[No Variations]"
Change component parameters (AddParameter): Name = "货品编码"; Value = "无样品无编码"; VariantName = "[No Variations]"
Change component parameters: Designator = "R6"; Footprint = "R0603"; UniqueID = "\BUWOPPPP"
Change component parameters. Clean all parameters for all variants
Change component parameters (AddParameter): Name = "供应商"; Value = ""; VariantName = "[No Variations]"
Change component parameters (AddParameter): Name = "备注"; Value = ""; VariantName = "[No Variations]"
Change component parameters (AddParameter): Name = "生产商"; Value = "厚声 国巨"; VariantName = "[No Variations]"
Change component parameters (AddParameter): Name = "规格型号"; Value = "1K±1%_1/10W_±200ppm_R0603"; VariantName = "[No Variations]"
Change component parameters (AddParameter): Name = "货品编码"; Value = "无样品无编码"; VariantName = "[No Variations]"
Change component parameters: Designator = "R7"; Footprint = "R0603"; UniqueID = "\FUKXNPNS"
Change component parameters. Clean all parameters for all variants
Change component parameters (AddParameter): Name = "供应商"; Value = ""; VariantName = "[No Variations]"
Change component parameters (AddParameter): Name = "备注"; Value = ""; VariantName = "[No Variations]"
Change component parameters (AddParameter): Name = "生产商"; Value = "厚声 国巨"; VariantName = "[No Variations]"
Change component parameters (AddParameter): Name = "规格型号"; Value = "1K±1%_1/10W_±200ppm_R0603"; VariantName = "[No Variations]"
Change component parameters (AddParameter): Name = "货品编码"; Value = "无样品无编码"; VariantName = "[No Variations]"
Change component parameters: Designator = "R8"; Footprint = "R0603"; UniqueID = "\LXPRXFRM"
Change component parameters. Clean all parameters for all variants
Change component parameters (AddParameter): Name = "供应商"; Value = ""; VariantName = "[No Variations]"
Change component parameters (AddParameter): Name = "备注"; Value = ""; VariantName = "[No Variations]"
Change component parameters (AddParameter): Name = "生产商"; Value = "厚声 国巨"; VariantName = "[No Variations]"
Change component parameters (AddParameter): Name = "规格型号"; Value = "1K±1%_1/10W_±200ppm_R0603"; VariantName = "[No Variations]"
Change component parameters (AddParameter): Name = "货品编码"; Value = "无样品无编码"; VariantName = "[No Variations]"
Change component parameters: Designator = "R10"; Footprint = "R0603"; UniqueID = "\JHFSRCUI"
Change component parameters. Clean all parameters for all variants
Change component parameters (AddParameter): Name = "供应商"; Value = ""; VariantName = "[No Variations]"
Change component parameters (AddParameter): Name = "备注"; Value = ""; VariantName = "[No Variations]"
Change component parameters (AddParameter): Name = "生产商"; Value = "厚声 国巨"; VariantName = "[No Variations]"
Change component parameters (AddParameter): Name = "规格型号"; Value = "470R±1%_1/10W_±200ppm_R0603"; VariantName = "[No Variations]"
Change component parameters (AddParameter): Name = "货品编码"; Value = "无样品无编码"; VariantName = "[No Variations]"
Change component parameters: Designator = "R11"; Footprint = "R0603"; UniqueID = "\QJWIUAIO"
Change component parameters. Clean all parameters for all variants
Change component parameters (AddParameter): Name = "供应商"; Value = ""; VariantName = "[No Variations]"
Change component parameters (AddParameter): Name = "备注"; Value = ""; VariantName = "[No Variations]"
Change component parameters (AddParameter): Name = "生产商"; Value = "厚声 国巨"; VariantName = "[No Variations]"
Change component parameters (AddParameter): Name = "规格型号"; Value = "470R±1%_1/10W_±200ppm_R0603"; VariantName = "[No Variations]"
Change component parameters (AddParameter): Name = "货品编码"; Value = "无样品无编码"; VariantName = "[No Variations]"
Change component parameters: Designator = "R12"; Footprint = "R0603"; UniqueID = "\RUSLWQIP"
Change component parameters. Clean all parameters for all variants
Change component parameters (AddParameter): Name = "供应商"; Value = ""; VariantName = "[No Variations]"
Change component parameters (AddParameter): Name = "备注"; Value = ""; VariantName = "[No Variations]"
Change component parameters (AddParameter): Name = "生产商"; Value = "厚声 国巨"; VariantName = "[No Variations]"
Change component parameters (AddParameter): Name = "规格型号"; Value = "1K±1%_1/10W_±200ppm_R0603"; VariantName = "[No Variations]"
Change component parameters (AddParameter): Name = "货品编码"; Value = "无样品无编码"; VariantName = "[No Variations]"
Change component parameters: Designator = "S1"; Footprint = "S-SKHHBVA010"; UniqueID = "\RNNQGNCR"
Change component parameters. Clean all parameters for all variants
Change component parameters (AddParameter): Name = "供应商"; Value = ""; VariantName = "[No Variations]"
Change component parameters (AddParameter): Name = "备注"; Value = ""; VariantName = "[No Variations]"
Change component parameters (AddParameter): Name = "生产商"; Value = "阿尔卑斯"; VariantName = "[No Variations]"
Change component parameters (AddParameter): Name = "规格型号"; Value = "S-SKHHBVA010 Tact Switch"; VariantName = "[No Variations]"
Change component parameters (AddParameter): Name = "货品编码"; Value = "样品无编码"; VariantName = "[No Variations]"
Change component parameters: Designator = "S2"; Footprint = "S-SKHHBVA010"; UniqueID = "\RTPFXOMJ"
Change component parameters. Clean all parameters for all variants
Change component parameters (AddParameter): Name = "供应商"; Value = ""; VariantName = "[No Variations]"
Change component parameters (AddParameter): Name = "备注"; Value = ""; VariantName = "[No Variations]"
Change component parameters (AddParameter): Name = "生产商"; Value = "阿尔卑斯"; VariantName = "[No Variations]"
Change component parameters (AddParameter): Name = "规格型号"; Value = "S-SKHHBVA010 Tact Switch"; VariantName = "[No Variations]"
Change component parameters (AddParameter): Name = "货品编码"; Value = "样品无编码"; VariantName = "[No Variations]"
Change component parameters: Designator = "S3"; Footprint = "S-SKHHBVA010"; UniqueID = "\LFXOYDBN"
Change component parameters. Clean all parameters for all variants
Change component parameters (AddParameter): Name = "供应商"; Value = ""; VariantName = "[No Variations]"
Change component parameters (AddParameter): Name = "备注"; Value = ""; VariantName = "[No Variations]"
Change component parameters (AddParameter): Name = "生产商"; Value = "阿尔卑斯"; VariantName = "[No Variations]"
Change component parameters (AddParameter): Name = "规格型号"; Value = "S-SKHHBVA010 Tact Switch"; VariantName = "[No Variations]"
Change component parameters (AddParameter): Name = "货品编码"; Value = "样品无编码"; VariantName = "[No Variations]"
Change component parameters: Designator = "S4"; Footprint = "S-SKHHBVA010"; UniqueID = "\PHIYQMTR"
Change component parameters. Clean all parameters for all variants
Change component parameters (AddParameter): Name = "供应商"; Value = ""; VariantName = "[No Variations]"
Change component parameters (AddParameter): Name = "备注"; Value = ""; VariantName = "[No Variations]"
Change component parameters (AddParameter): Name = "生产商"; Value = "阿尔卑斯"; VariantName = "[No Variations]"
Change component parameters (AddParameter): Name = "规格型号"; Value = "S-SKHHBVA010 Tact Switch"; VariantName = "[No Variations]"
Change component parameters (AddParameter): Name = "货品编码"; Value = "样品无编码"; VariantName = "[No Variations]"
Change component parameters: Designator = "S5"; Footprint = "S-SKHHBVA010"; UniqueID = "\TAUQVEFQ"
Change component parameters. Clean all parameters for all variants
Change component parameters (AddParameter): Name = "供应商"; Value = ""; VariantName = "[No Variations]"
Change component parameters (AddParameter): Name = "备注"; Value = ""; VariantName = "[No Variations]"
Change component parameters (AddParameter): Name = "生产商"; Value = "阿尔卑斯"; VariantName = "[No Variations]"
Change component parameters (AddParameter): Name = "规格型号"; Value = "S-SKHHBVA010 Tact Switch"; VariantName = "[No Variations]"
Change component parameters (AddParameter): Name = "货品编码"; Value = "样品无编码"; VariantName = "[No Variations]"
Change component parameters: Designator = "S6"; Footprint = "S-SKHHBVA010"; UniqueID = "\IEWANNAX"
Change component parameters. Clean all parameters for all variants
Change component parameters (AddParameter): Name = "供应商"; Value = ""; VariantName = "[No Variations]"
Change component parameters (AddParameter): Name = "备注"; Value = ""; VariantName = "[No Variations]"
Change component parameters (AddParameter): Name = "生产商"; Value = "阿尔卑斯"; VariantName = "[No Variations]"
Change component parameters (AddParameter): Name = "规格型号"; Value = "S-SKHHBVA010 Tact Switch"; VariantName = "[No Variations]"
Change component parameters (AddParameter): Name = "货品编码"; Value = "样品无编码"; VariantName = "[No Variations]"
Change component parameters: Designator = "S7"; Footprint = "S-SKHHBVA010"; UniqueID = "\FCKDRJWO"
Change component parameters. Clean all parameters for all variants
Change component parameters (AddParameter): Name = "供应商"; Value = ""; VariantName = "[No Variations]"
Change component parameters (AddParameter): Name = "备注"; Value = ""; VariantName = "[No Variations]"
Change component parameters (AddParameter): Name = "生产商"; Value = "阿尔卑斯"; VariantName = "[No Variations]"
Change component parameters (AddParameter): Name = "规格型号"; Value = "S-SKHHBVA010 Tact Switch"; VariantName = "[No Variations]"
Change component parameters (AddParameter): Name = "货品编码"; Value = "样品无编码"; VariantName = "[No Variations]"
Change component parameters: Designator = "S8"; Footprint = "S-SKHHBVA010"; UniqueID = "\ICNWKKQS"
Change component parameters. Clean all parameters for all variants
Change component parameters (AddParameter): Name = "供应商"; Value = ""; VariantName = "[No Variations]"
Change component parameters (AddParameter): Name = "备注"; Value = ""; VariantName = "[No Variations]"
Change component parameters (AddParameter): Name = "生产商"; Value = "阿尔卑斯"; VariantName = "[No Variations]"
Change component parameters (AddParameter): Name = "规格型号"; Value = "S-SKHHBVA010 Tact Switch"; VariantName = "[No Variations]"
Change component parameters (AddParameter): Name = "货品编码"; Value = "样品无编码"; VariantName = "[No Variations]"
Added Pin To Net: NetName=DGND Pin=M1-11
Added Pin To Net: NetName=DGND Pin=S1-2
Added Pin To Net: NetName=DGND Pin=S1-2
Added Pin To Net: NetName=DGND Pin=S2-2
Added Pin To Net: NetName=DGND Pin=S2-2
Added Pin To Net: NetName=DGND Pin=S3-2
Added Pin To Net: NetName=DGND Pin=S3-2
Added Pin To Net: NetName=DGND Pin=S4-2
Added Pin To Net: NetName=DGND Pin=S4-2
Added Pin To Net: NetName=DGND Pin=S5-2
Added Pin To Net: NetName=DGND Pin=S5-2
Added Pin To Net: NetName=DGND Pin=S6-2
Added Pin To Net: NetName=DGND Pin=S6-2
Added Pin To Net: NetName=DGND Pin=S7-2
Added Pin To Net: NetName=DGND Pin=S7-2
Added Pin To Net: NetName=DGND Pin=S8-2
Added Pin To Net: NetName=DGND Pin=S8-2
Change Net Name : Old Net Name=DGND New Net Name=GND
