Change Physical Footprint: Designator=C1 Old Footprint=C0603 New Footprint=C0603
Change Physical Footprint: Designator=C2 Old Footprint=C0603 New Footprint=C0603
Change Physical Footprint: Designator=C3 Old Footprint=C0603 New Footprint=C0603
Change Physical Footprint: Designator=C4 Old Footprint=C0603 New Footprint=C0603
Change Physical Footprint: Designator=C5 Old Footprint=C0603 New Footprint=C0603
Change Physical Footprint: Designator=C6 Old Footprint=C0603 New Footprint=C0603
Change Physical Footprint: Designator=C7 Old Footprint=C0603 New Footprint=C0603
Change Physical Footprint: Designator=D1 Old Footprint=D-LED0603G New Footprint=D-LED0603G
Change Physical Footprint: Designator=D2 Old Footprint=D-LED0603G New Footprint=D-LED0603G
Change Physical Footprint: Designator=D3 Old Footprint=HS_0603D New Footprint=HS_0603D
Change Physical Footprint: Designator=D4 Old Footprint=HS_0603D New Footprint=HS_0603D
Change Physical Footprint: Designator=D5 Old Footprint=D-LED0603G New Footprint=D-LED0603G
Change Physical Footprint: Designator=J1 Old Footprint=D2.54-1*3P New Footprint=D2.54-1*3P
Change Physical Footprint: Designator=J2 Old Footprint=D2.54-1*2P New Footprint=D2.54-1*2P
Change Physical Footprint: Designator=J3 Old Footprint=MICRO-USB - 5.9 New Footprint=MICRO-USB - 5.9
Change Physical Footprint: Designator=K1 Old Footprint=SS-12D00 New Footprint=SS-12D00
Change Physical Footprint: Designator=M1 Old Footprint=CC25XXSM New Footprint=CC25XXSM
Change Physical Footprint: Designator=R1 Old Footprint=R0603 New Footprint=R0603
Change Physical Footprint: Designator=R2 Old Footprint=R0603 New Footprint=R0603
Change Physical Footprint: Designator=R3 Old Footprint=R0603 New Footprint=R0603
Change Physical Footprint: Designator=R4 Old Footprint=R0603 New Footprint=R0603
Change Physical Footprint: Designator=R5 Old Footprint=R0603 New Footprint=R0603
Change Physical Footprint: Designator=R6 Old Footprint=R0603 New Footprint=R0603
Change Physical Footprint: Designator=R7 Old Footprint=R0603 New Footprint=R0603
Change Physical Footprint: Designator=R8 Old Footprint=R0603 New Footprint=R0603
Change Physical Footprint: Designator=R9 Old Footprint=R0603 New Footprint=R0603
Change Physical Footprint: Designator=R10 Old Footprint=R0603 New Footprint=R0603
Change Physical Footprint: Designator=R11 Old Footprint=R0603 New Footprint=R0603
Change Physical Footprint: Designator=R12 Old Footprint=R0603 New Footprint=R0603
Change Physical Footprint: Designator=S1 Old Footprint=ESE11MV9 New Footprint=ESE11MV9
Change Physical Footprint: Designator=S2 Old Footprint=ESE11MV9 New Footprint=ESE11MV9
Change Physical Footprint: Designator=S3 Old Footprint=ESE11MV9 New Footprint=ESE11MV9
Change Physical Footprint: Designator=S4 Old Footprint=ESE11MV9 New Footprint=ESE11MV9
Change Physical Footprint: Designator=S5 Old Footprint=ESE11MV9 New Footprint=ESE11MV9
Change Physical Footprint: Designator=S6 Old Footprint=ESE11MV9 New Footprint=ESE11MV9
Change Physical Footprint: Designator=S7 Old Footprint=ESE11MV9 New Footprint=ESE11MV9
Change Physical Footprint: Designator=S8 Old Footprint=ESE11MV9 New Footprint=ESE11MV9
Change Physical Footprint: Designator=U1 Old Footprint=SOT23-5N New Footprint=SOT23-5N
Change Physical Footprint: Designator=U2 Old Footprint=SOT-223 New Footprint=SOT-223
