Added Component: Designator=C1(C0603)
Add component. Clean all parameters for all variants
Add component (AddParameter): Name = ""; Value = "无编码有封装"; VariantName = "[No Variations]"
Add component (AddParameter): Name = "供应商"; Value = ""; VariantName = "[No Variations]"
Add component (AddParameter): Name = "备注"; Value = ""; VariantName = "[No Variations]"
Add component (AddParameter): Name = "生产商"; Value = "风华 三星"; VariantName = "[No Variations]"
Add component (AddParameter): Name = "规格型号"; Value = "4.7uF±10%_16V_X7R_C0603"; VariantName = "[No Variations]"
Added Component: Designator=C2(C0603)
Add component. Clean all parameters for all variants
Add component (AddParameter): Name = ""; Value = "无编码 有封装"; VariantName = "[No Variations]"
Add component (AddParameter): Name = "供应商"; Value = ""; VariantName = "[No Variations]"
Add component (AddParameter): Name = "备注"; Value = ""; VariantName = "[No Variations]"
Add component (AddParameter): Name = "生产商"; Value = "风华 三星"; VariantName = "[No Variations]"
Add component (AddParameter): Name = "规格型号"; Value = "10uF±10%_50V_X7R_C0603"; VariantName = "[No Variations]"
Added Component: Designator=C3(C0603)
Add component. Clean all parameters for all variants
Add component (AddParameter): Name = ""; Value = "无编码 有封装"; VariantName = "[No Variations]"
Add component (AddParameter): Name = "供应商"; Value = ""; VariantName = "[No Variations]"
Add component (AddParameter): Name = "备注"; Value = ""; VariantName = "[No Variations]"
Add component (AddParameter): Name = "生产商"; Value = "风华 三星"; VariantName = "[No Variations]"
Add component (AddParameter): Name = "规格型号"; Value = "100nF±10%_50V_X7R_C0603"; VariantName = "[No Variations]"
Added Component: Designator=C4(C0603)
Add component. Clean all parameters for all variants
Add component (AddParameter): Name = ""; Value = "无编码 有封装"; VariantName = "[No Variations]"
Add component (AddParameter): Name = "供应商"; Value = ""; VariantName = "[No Variations]"
Add component (AddParameter): Name = "备注"; Value = ""; VariantName = "[No Variations]"
Add component (AddParameter): Name = "生产商"; Value = "风华 三星"; VariantName = "[No Variations]"
Add component (AddParameter): Name = "规格型号"; Value = "10uF±10%_50V_X7R_C0603"; VariantName = "[No Variations]"
Added Component: Designator=C5(C0603)
Add component. Clean all parameters for all variants
Add component (AddParameter): Name = ""; Value = "无编码 有封装"; VariantName = "[No Variations]"
Add component (AddParameter): Name = "供应商"; Value = ""; VariantName = "[No Variations]"
Add component (AddParameter): Name = "备注"; Value = ""; VariantName = "[No Variations]"
Add component (AddParameter): Name = "生产商"; Value = "风华 三星"; VariantName = "[No Variations]"
Add component (AddParameter): Name = "规格型号"; Value = "100nF±10%_50V_X7R_C0603"; VariantName = "[No Variations]"
Added Component: Designator=C6(C0603)
Add component. Clean all parameters for all variants
Add component (AddParameter): Name = ""; Value = "无编码 有封装"; VariantName = "[No Variations]"
Add component (AddParameter): Name = "供应商"; Value = ""; VariantName = "[No Variations]"
Add component (AddParameter): Name = "备注"; Value = ""; VariantName = "[No Variations]"
Add component (AddParameter): Name = "生产商"; Value = "风华 三星"; VariantName = "[No Variations]"
Add component (AddParameter): Name = "规格型号"; Value = "10uF±10%_50V_X7R_C0603"; VariantName = "[No Variations]"
Added Component: Designator=C7(C0603)
Add component. Clean all parameters for all variants
Add component (AddParameter): Name = ""; Value = "无编码 有封装"; VariantName = "[No Variations]"
Add component (AddParameter): Name = "供应商"; Value = ""; VariantName = "[No Variations]"
Add component (AddParameter): Name = "备注"; Value = ""; VariantName = "[No Variations]"
Add component (AddParameter): Name = "生产商"; Value = "风华 三星"; VariantName = "[No Variations]"
Add component (AddParameter): Name = "规格型号"; Value = "100nF±10%_50V_X7R_C0603"; VariantName = "[No Variations]"
Added Component: Designator=D1(D-LED0603G)
Add component. Clean all parameters for all variants
Add component (AddParameter): Name = "供应商"; Value = ""; VariantName = "[No Variations]"
Add component (AddParameter): Name = "备注"; Value = ""; VariantName = "[No Variations]"
Add component (AddParameter): Name = "生产商"; Value = ""; VariantName = "[No Variations]"
Add component (AddParameter): Name = "规格型号"; Value = "0603-GREEN"; VariantName = "[No Variations]"
Add component (AddParameter): Name = "货品编码"; Value = "无样品无编码"; VariantName = "[No Variations]"
Added Component: Designator=D2(D-LED0603G)
Add component. Clean all parameters for all variants
Add component (AddParameter): Name = "供应商"; Value = ""; VariantName = "[No Variations]"
Add component (AddParameter): Name = "备注"; Value = ""; VariantName = "[No Variations]"
Add component (AddParameter): Name = "生产商"; Value = ""; VariantName = "[No Variations]"
Add component (AddParameter): Name = "规格型号"; Value = "0603-GREEN"; VariantName = "[No Variations]"
Add component (AddParameter): Name = "货品编码"; Value = "无样品无编码"; VariantName = "[No Variations]"
Added Component: Designator=D3(HS_0603D)
Add component. Clean all parameters for all variants
Add component (AddParameter): Name = "LatestRevisionDate"; Value = ""; VariantName = "[No Variations]"
Add component (AddParameter): Name = "LatestRevisionNote"; Value = ""; VariantName = "[No Variations]"
Add component (AddParameter): Name = "PackageReference"; Value = ""; VariantName = "[No Variations]"
Add component (AddParameter): Name = "Published"; Value = ""; VariantName = "[No Variations]"
Add component (AddParameter): Name = "Publisher"; Value = ""; VariantName = "[No Variations]"
Added Component: Designator=D4(HS_0603D)
Add component. Clean all parameters for all variants
Add component (AddParameter): Name = "LatestRevisionDate"; Value = ""; VariantName = "[No Variations]"
Add component (AddParameter): Name = "LatestRevisionNote"; Value = ""; VariantName = "[No Variations]"
Add component (AddParameter): Name = "PackageReference"; Value = ""; VariantName = "[No Variations]"
Add component (AddParameter): Name = "Published"; Value = ""; VariantName = "[No Variations]"
Add component (AddParameter): Name = "Publisher"; Value = ""; VariantName = "[No Variations]"
Added Component: Designator=D5(D-LED0603G)
Add component. Clean all parameters for all variants
Add component (AddParameter): Name = "供应商"; Value = ""; VariantName = "[No Variations]"
Add component (AddParameter): Name = "备注"; Value = ""; VariantName = "[No Variations]"
Add component (AddParameter): Name = "生产商"; Value = ""; VariantName = "[No Variations]"
Add component (AddParameter): Name = "规格型号"; Value = "0603-GREEN"; VariantName = "[No Variations]"
Add component (AddParameter): Name = "货品编码"; Value = "无样品无编码"; VariantName = "[No Variations]"
Added Component: Designator=J1(D2.54-1*3P)
Add component. Clean all parameters for all variants
Added Component: Designator=J2(D2.54-1*2P)
Add component. Clean all parameters for all variants
Added Component: Designator=J3(MICRO-USB - 5.9)
Add component. Clean all parameters for all variants
Add component (AddParameter): Name = "供应商"; Value = ""; VariantName = "[No Variations]"
Add component (AddParameter): Name = "备注"; Value = ""; VariantName = "[No Variations]"
Add component (AddParameter): Name = "生产商"; Value = ""; VariantName = "[No Variations]"
Add component (AddParameter): Name = "规格型号"; Value = ""; VariantName = "[No Variations]"
Add component (AddParameter): Name = "货品编码"; Value = ""; VariantName = "[No Variations]"
Added Component: Designator=K1(SS-12D00)
Add component. Clean all parameters for all variants
Added Component: Designator=R1(R0603)
Add component. Clean all parameters for all variants
Add component (AddParameter): Name = "供应商"; Value = ""; VariantName = "[No Variations]"
Add component (AddParameter): Name = "备注"; Value = ""; VariantName = "[No Variations]"
Add component (AddParameter): Name = "生产商"; Value = "厚声 国巨"; VariantName = "[No Variations]"
Add component (AddParameter): Name = "规格型号"; Value = "1K±1%_1/10W_±200ppm_R0603"; VariantName = "[No Variations]"
Add component (AddParameter): Name = "货品编码"; Value = "无样品无编码"; VariantName = "[No Variations]"
Added Component: Designator=R2(R0603)
Add component. Clean all parameters for all variants
Add component (AddParameter): Name = "供应商"; Value = ""; VariantName = "[No Variations]"
Add component (AddParameter): Name = "备注"; Value = ""; VariantName = "[No Variations]"
Add component (AddParameter): Name = "生产商"; Value = "厚声 国巨"; VariantName = "[No Variations]"
Add component (AddParameter): Name = "规格型号"; Value = "1K±1%_1/10W_±200ppm_R0603"; VariantName = "[No Variations]"
Add component (AddParameter): Name = "货品编码"; Value = "无样品无编码"; VariantName = "[No Variations]"
Added Component: Designator=R3(R0603)
Add component. Clean all parameters for all variants
Add component (AddParameter): Name = "供应商"; Value = ""; VariantName = "[No Variations]"
Add component (AddParameter): Name = "备注"; Value = ""; VariantName = "[No Variations]"
Add component (AddParameter): Name = "生产商"; Value = "厚声 国巨"; VariantName = "[No Variations]"
Add component (AddParameter): Name = "规格型号"; Value = "1K±1%_1/10W_±200ppm_R0603"; VariantName = "[No Variations]"
Add component (AddParameter): Name = "货品编码"; Value = "无样品无编码"; VariantName = "[No Variations]"
Added Component: Designator=R4(R0603)
Add component. Clean all parameters for all variants
Add component (AddParameter): Name = "供应商"; Value = ""; VariantName = "[No Variations]"
Add component (AddParameter): Name = "备注"; Value = ""; VariantName = "[No Variations]"
Add component (AddParameter): Name = "生产商"; Value = "厚声 国巨"; VariantName = "[No Variations]"
Add component (AddParameter): Name = "规格型号"; Value = "1K±1%_1/10W_±200ppm_R0603"; VariantName = "[No Variations]"
Add component (AddParameter): Name = "货品编码"; Value = "无样品无编码"; VariantName = "[No Variations]"
Added Component: Designator=R5(R0603)
Add component. Clean all parameters for all variants
Add component (AddParameter): Name = "供应商"; Value = ""; VariantName = "[No Variations]"
Add component (AddParameter): Name = "备注"; Value = ""; VariantName = "[No Variations]"
Add component (AddParameter): Name = "生产商"; Value = "厚声 国巨"; VariantName = "[No Variations]"
Add component (AddParameter): Name = "规格型号"; Value = "1K±1%_1/10W_±200ppm_R0603"; VariantName = "[No Variations]"
Add component (AddParameter): Name = "货品编码"; Value = "无样品无编码"; VariantName = "[No Variations]"
Added Component: Designator=R6(R0603)
Add component. Clean all parameters for all variants
Add component (AddParameter): Name = "供应商"; Value = ""; VariantName = "[No Variations]"
Add component (AddParameter): Name = "备注"; Value = ""; VariantName = "[No Variations]"
Add component (AddParameter): Name = "生产商"; Value = "厚声 国巨"; VariantName = "[No Variations]"
Add component (AddParameter): Name = "规格型号"; Value = "1K±1%_1/10W_±200ppm_R0603"; VariantName = "[No Variations]"
Add component (AddParameter): Name = "货品编码"; Value = "无样品无编码"; VariantName = "[No Variations]"
Added Component: Designator=R7(R0603)
Add component. Clean all parameters for all variants
Add component (AddParameter): Name = "供应商"; Value = ""; VariantName = "[No Variations]"
Add component (AddParameter): Name = "备注"; Value = ""; VariantName = "[No Variations]"
Add component (AddParameter): Name = "生产商"; Value = "厚声 国巨"; VariantName = "[No Variations]"
Add component (AddParameter): Name = "规格型号"; Value = "1K±1%_1/10W_±200ppm_R0603"; VariantName = "[No Variations]"
Add component (AddParameter): Name = "货品编码"; Value = "无样品无编码"; VariantName = "[No Variations]"
Added Component: Designator=R8(R0603)
Add component. Clean all parameters for all variants
Add component (AddParameter): Name = "供应商"; Value = ""; VariantName = "[No Variations]"
Add component (AddParameter): Name = "备注"; Value = ""; VariantName = "[No Variations]"
Add component (AddParameter): Name = "生产商"; Value = "厚声 国巨"; VariantName = "[No Variations]"
Add component (AddParameter): Name = "规格型号"; Value = "1K±1%_1/10W_±200ppm_R0603"; VariantName = "[No Variations]"
Add component (AddParameter): Name = "货品编码"; Value = "无样品无编码"; VariantName = "[No Variations]"
Added Component: Designator=R9(R0603)
Add component. Clean all parameters for all variants
Added Component: Designator=R10(R0603)
Add component. Clean all parameters for all variants
Add component (AddParameter): Name = "供应商"; Value = ""; VariantName = "[No Variations]"
Add component (AddParameter): Name = "备注"; Value = ""; VariantName = "[No Variations]"
Add component (AddParameter): Name = "生产商"; Value = "厚声 国巨"; VariantName = "[No Variations]"
Add component (AddParameter): Name = "规格型号"; Value = "470R±1%_1/10W_±200ppm_R0603"; VariantName = "[No Variations]"
Add component (AddParameter): Name = "货品编码"; Value = "无样品无编码"; VariantName = "[No Variations]"
Added Component: Designator=R11(R0603)
Add component. Clean all parameters for all variants
Add component (AddParameter): Name = "供应商"; Value = ""; VariantName = "[No Variations]"
Add component (AddParameter): Name = "备注"; Value = ""; VariantName = "[No Variations]"
Add component (AddParameter): Name = "生产商"; Value = "厚声 国巨"; VariantName = "[No Variations]"
Add component (AddParameter): Name = "规格型号"; Value = "470R±1%_1/10W_±200ppm_R0603"; VariantName = "[No Variations]"
Add component (AddParameter): Name = "货品编码"; Value = "无样品无编码"; VariantName = "[No Variations]"
Added Component: Designator=R12(R0603)
Add component. Clean all parameters for all variants
Add component (AddParameter): Name = "供应商"; Value = ""; VariantName = "[No Variations]"
Add component (AddParameter): Name = "备注"; Value = ""; VariantName = "[No Variations]"
Add component (AddParameter): Name = "生产商"; Value = "厚声 国巨"; VariantName = "[No Variations]"
Add component (AddParameter): Name = "规格型号"; Value = "1K±1%_1/10W_±200ppm_R0603"; VariantName = "[No Variations]"
Add component (AddParameter): Name = "货品编码"; Value = "无样品无编码"; VariantName = "[No Variations]"
Added Component: Designator=S1(S-SKHHBVA010)
Add component. Clean all parameters for all variants
Add component (AddParameter): Name = "供应商"; Value = ""; VariantName = "[No Variations]"
Add component (AddParameter): Name = "备注"; Value = ""; VariantName = "[No Variations]"
Add component (AddParameter): Name = "生产商"; Value = "阿尔卑斯"; VariantName = "[No Variations]"
Add component (AddParameter): Name = "规格型号"; Value = "S-SKHHBVA010 Tact Switch"; VariantName = "[No Variations]"
Add component (AddParameter): Name = "货品编码"; Value = "样品无编码"; VariantName = "[No Variations]"
Added Component: Designator=S2(S-SKHHBVA010)
Add component. Clean all parameters for all variants
Add component (AddParameter): Name = "供应商"; Value = ""; VariantName = "[No Variations]"
Add component (AddParameter): Name = "备注"; Value = ""; VariantName = "[No Variations]"
Add component (AddParameter): Name = "生产商"; Value = "阿尔卑斯"; VariantName = "[No Variations]"
Add component (AddParameter): Name = "规格型号"; Value = "S-SKHHBVA010 Tact Switch"; VariantName = "[No Variations]"
Add component (AddParameter): Name = "货品编码"; Value = "样品无编码"; VariantName = "[No Variations]"
Added Component: Designator=S3(S-SKHHBVA010)
Add component. Clean all parameters for all variants
Add component (AddParameter): Name = "供应商"; Value = ""; VariantName = "[No Variations]"
Add component (AddParameter): Name = "备注"; Value = ""; VariantName = "[No Variations]"
Add component (AddParameter): Name = "生产商"; Value = "阿尔卑斯"; VariantName = "[No Variations]"
Add component (AddParameter): Name = "规格型号"; Value = "S-SKHHBVA010 Tact Switch"; VariantName = "[No Variations]"
Add component (AddParameter): Name = "货品编码"; Value = "样品无编码"; VariantName = "[No Variations]"
Added Component: Designator=S4(S-SKHHBVA010)
Add component. Clean all parameters for all variants
Add component (AddParameter): Name = "供应商"; Value = ""; VariantName = "[No Variations]"
Add component (AddParameter): Name = "备注"; Value = ""; VariantName = "[No Variations]"
Add component (AddParameter): Name = "生产商"; Value = "阿尔卑斯"; VariantName = "[No Variations]"
Add component (AddParameter): Name = "规格型号"; Value = "S-SKHHBVA010 Tact Switch"; VariantName = "[No Variations]"
Add component (AddParameter): Name = "货品编码"; Value = "样品无编码"; VariantName = "[No Variations]"
Added Component: Designator=S5(S-SKHHBVA010)
Add component. Clean all parameters for all variants
Add component (AddParameter): Name = "供应商"; Value = ""; VariantName = "[No Variations]"
Add component (AddParameter): Name = "备注"; Value = ""; VariantName = "[No Variations]"
Add component (AddParameter): Name = "生产商"; Value = "阿尔卑斯"; VariantName = "[No Variations]"
Add component (AddParameter): Name = "规格型号"; Value = "S-SKHHBVA010 Tact Switch"; VariantName = "[No Variations]"
Add component (AddParameter): Name = "货品编码"; Value = "样品无编码"; VariantName = "[No Variations]"
Added Component: Designator=S6(S-SKHHBVA010)
Add component. Clean all parameters for all variants
Add component (AddParameter): Name = "供应商"; Value = ""; VariantName = "[No Variations]"
Add component (AddParameter): Name = "备注"; Value = ""; VariantName = "[No Variations]"
Add component (AddParameter): Name = "生产商"; Value = "阿尔卑斯"; VariantName = "[No Variations]"
Add component (AddParameter): Name = "规格型号"; Value = "S-SKHHBVA010 Tact Switch"; VariantName = "[No Variations]"
Add component (AddParameter): Name = "货品编码"; Value = "样品无编码"; VariantName = "[No Variations]"
Added Component: Designator=S7(S-SKHHBVA010)
Add component. Clean all parameters for all variants
Add component (AddParameter): Name = "供应商"; Value = ""; VariantName = "[No Variations]"
Add component (AddParameter): Name = "备注"; Value = ""; VariantName = "[No Variations]"
Add component (AddParameter): Name = "生产商"; Value = "阿尔卑斯"; VariantName = "[No Variations]"
Add component (AddParameter): Name = "规格型号"; Value = "S-SKHHBVA010 Tact Switch"; VariantName = "[No Variations]"
Add component (AddParameter): Name = "货品编码"; Value = "样品无编码"; VariantName = "[No Variations]"
Added Component: Designator=S8(S-SKHHBVA010)
Add component. Clean all parameters for all variants
Add component (AddParameter): Name = "供应商"; Value = ""; VariantName = "[No Variations]"
Add component (AddParameter): Name = "备注"; Value = ""; VariantName = "[No Variations]"
Add component (AddParameter): Name = "生产商"; Value = "阿尔卑斯"; VariantName = "[No Variations]"
Add component (AddParameter): Name = "规格型号"; Value = "S-SKHHBVA010 Tact Switch"; VariantName = "[No Variations]"
Add component (AddParameter): Name = "货品编码"; Value = "样品无编码"; VariantName = "[No Variations]"
Added Component: Designator=U1(SOT23-5N)
Add component. Clean all parameters for all variants
Added Component: Designator=U2(SOT-223)
Add component. Clean all parameters for all variants
Added Pin To Net: NetName=+3.3V Pin=C6-2
Added Pin To Net: NetName=+3.3V Pin=C7-1
Added Pin To Net: NetName=+3.3V Pin=R1-1
Added Pin To Net: NetName=+3.3V Pin=R2-1
Added Pin To Net: NetName=+3.3V Pin=R3-1
Added Pin To Net: NetName=+3.3V Pin=R4-1
Added Pin To Net: NetName=+3.3V Pin=R5-1
Added Pin To Net: NetName=+3.3V Pin=R6-1
Added Pin To Net: NetName=+3.3V Pin=R7-1
Added Pin To Net: NetName=+3.3V Pin=R8-1
Added Pin To Net: NetName=+3.3V Pin=U2-2
Added Pin To Net: NetName=+3.3V Pin=U2-2
Added Net: Name=+3.3V
Added Pin To Net: NetName=BT2 Pin=C2-1
Added Pin To Net: NetName=BT2 Pin=C3-2
Added Pin To Net: NetName=BT2 Pin=C4-1
Added Pin To Net: NetName=BT2 Pin=D5-1
Added Pin To Net: NetName=BT2 Pin=J2-1
Added Pin To Net: NetName=BT2 Pin=K1-3
Added Pin To Net: NetName=BT2 Pin=U1-3
Added Net: Name=BT2
Added Pin To Net: NetName=DC Pin=J1-2
Added Net: Name=DC
Added Pin To Net: NetName=DD Pin=J1-1
Added Net: Name=DD
Added Pin To Net: NetName=DGND Pin=C1-2
Added Pin To Net: NetName=DGND Pin=C2-2
Added Pin To Net: NetName=DGND Pin=C3-1
Added Pin To Net: NetName=DGND Pin=C4-2
Added Pin To Net: NetName=DGND Pin=C5-2
Added Pin To Net: NetName=DGND Pin=C6-1
Added Pin To Net: NetName=DGND Pin=C7-2
Added Pin To Net: NetName=DGND Pin=D2-2
Added Pin To Net: NetName=DGND Pin=D3-1
Added Pin To Net: NetName=DGND Pin=D4-1
Added Pin To Net: NetName=DGND Pin=J2-2
Added Pin To Net: NetName=DGND Pin=J3-5
Added Pin To Net: NetName=DGND Pin=J3-6
Added Pin To Net: NetName=DGND Pin=J3-7
Added Pin To Net: NetName=DGND Pin=J3-8
Added Pin To Net: NetName=DGND Pin=J3-9
Added Pin To Net: NetName=DGND Pin=R9-1
Added Pin To Net: NetName=DGND Pin=R12-2
Added Pin To Net: NetName=DGND Pin=U1-2
Added Pin To Net: NetName=DGND Pin=U2-1
Added Net: Name=DGND
Added Pin To Net: NetName=GND Pin=S1-2
Added Pin To Net: NetName=GND Pin=S1-2
Added Pin To Net: NetName=GND Pin=S2-2
Added Pin To Net: NetName=GND Pin=S2-2
Added Pin To Net: NetName=GND Pin=S3-2
Added Pin To Net: NetName=GND Pin=S3-2
Added Pin To Net: NetName=GND Pin=S4-2
Added Pin To Net: NetName=GND Pin=S4-2
Added Pin To Net: NetName=GND Pin=S5-2
Added Pin To Net: NetName=GND Pin=S5-2
Added Pin To Net: NetName=GND Pin=S6-2
Added Pin To Net: NetName=GND Pin=S6-2
Added Pin To Net: NetName=GND Pin=S7-2
Added Pin To Net: NetName=GND Pin=S7-2
Added Pin To Net: NetName=GND Pin=S8-2
Added Pin To Net: NetName=GND Pin=S8-2
Added Net: Name=GND
Added Pin To Net: NetName=NetD1_2 Pin=D1-2
Added Pin To Net: NetName=NetD1_2 Pin=R10-1
Added Net: Name=NetD1_2
Added Pin To Net: NetName=NetD2_1 Pin=D2-1
Added Pin To Net: NetName=NetD2_1 Pin=R11-1
Added Net: Name=NetD2_1
Added Pin To Net: NetName=NetD5_2 Pin=D5-2
Added Pin To Net: NetName=NetD5_2 Pin=R12-1
Added Net: Name=NetD5_2
Added Pin To Net: NetName=NetR9_2 Pin=R9-2
Added Pin To Net: NetName=NetR9_2 Pin=U1-5
Added Net: Name=NetR9_2
Added Pin To Net: NetName=NetR10_2 Pin=R10-2
Added Pin To Net: NetName=NetR10_2 Pin=R11-2
Added Pin To Net: NetName=NetR10_2 Pin=U1-1
Added Net: Name=NetR10_2
Added Pin To Net: NetName=P0 Pin=R5-2
Added Pin To Net: NetName=P0 Pin=S5-1
Added Pin To Net: NetName=P0 Pin=S5-1
Added Net: Name=P0
Added Pin To Net: NetName=P1 Pin=R6-2
Added Pin To Net: NetName=P1 Pin=S6-1
Added Pin To Net: NetName=P1 Pin=S6-1
Added Net: Name=P1
Added Pin To Net: NetName=P6 Pin=R7-2
Added Pin To Net: NetName=P6 Pin=S7-1
Added Pin To Net: NetName=P6 Pin=S7-1
Added Net: Name=P6
Added Pin To Net: NetName=P7 Pin=R8-2
Added Pin To Net: NetName=P7 Pin=S8-1
Added Pin To Net: NetName=P7 Pin=S8-1
Added Net: Name=P7
Added Pin To Net: NetName=P14 Pin=R4-2
Added Pin To Net: NetName=P14 Pin=S4-1
Added Pin To Net: NetName=P14 Pin=S4-1
Added Net: Name=P14
Added Pin To Net: NetName=P15 Pin=R3-2
Added Pin To Net: NetName=P15 Pin=S3-1
Added Pin To Net: NetName=P15 Pin=S3-1
Added Net: Name=P15
Added Pin To Net: NetName=P16 Pin=R2-2
Added Pin To Net: NetName=P16 Pin=S2-1
Added Pin To Net: NetName=P16 Pin=S2-1
Added Net: Name=P16
Added Pin To Net: NetName=P17 Pin=R1-2
Added Pin To Net: NetName=P17 Pin=S1-1
Added Pin To Net: NetName=P17 Pin=S1-1
Added Net: Name=P17
Added Pin To Net: NetName=RESET Pin=J1-3
Added Net: Name=RESET
Added Pin To Net: NetName=USB_M/SDA Pin=D3-2
Added Pin To Net: NetName=USB_M/SDA Pin=J3-2
Added Net: Name=USB_M/SDA
Added Pin To Net: NetName=USB_P/SCL Pin=D4-2
Added Pin To Net: NetName=USB_P/SCL Pin=J3-3
Added Net: Name=USB_P/SCL
Added Pin To Net: NetName=VBUS Pin=C1-1
Added Pin To Net: NetName=VBUS Pin=D1-1
Added Pin To Net: NetName=VBUS Pin=J3-1
Added Pin To Net: NetName=VBUS Pin=U1-4
Added Net: Name=VBUS
Added Pin To Net: NetName=VIN Pin=C5-1
Added Pin To Net: NetName=VIN Pin=K1-2
Added Pin To Net: NetName=VIN Pin=U2-3
Added Net: Name=VIN
Added Class: Name=samrtbox
